[0.013s] Invoking command in '/px4_uxrce/t265_px4_bridge/build/cpp_pubsub': CMAKE_PREFIX_PATH=/px4_uxrce/t265_px4_bridge/install/px4_ros_com:/px4_uxrce/t265_px4_bridge/install/px4_msgs:/px4_uxrce/t265_px4_bridge/install/launch_testing_examples:/px4_uxrce/t265_px4_bridge/install/examples_rclpy_pointcloud_publisher:/px4_uxrce/t265_px4_bridge/install/examples_rclpy_minimal_subscriber:/px4_uxrce/t265_px4_bridge/install/examples_rclpy_minimal_service:/px4_uxrce/t265_px4_bridge/install/examples_rclpy_minimal_publisher:/px4_uxrce/t265_px4_bridge/install/examples_rclpy_minimal_client:/px4_uxrce/t265_px4_bridge/install/examples_rclpy_minimal_action_server:/px4_uxrce/t265_px4_bridge/install/examples_rclpy_minimal_action_client:/px4_uxrce/t265_px4_bridge/install/examples_rclpy_guard_conditions:/px4_uxrce/t265_px4_bridge/install/examples_rclpy_executors:/opt/ros/humble:/px4_uxrce/t265_px4_bridge/install/t265_to_px4_bridge:/px4_uxrce/t265_px4_bridge/install/examples_rclcpp_wait_set:/px4_uxrce/t265_px4_bridge/install/examples_rclcpp_multithreaded_executor:/px4_uxrce/t265_px4_bridge/install/examples_rclcpp_minimal_timer:/px4_uxrce/t265_px4_bridge/install/examples_rclcpp_minimal_subscriber:/px4_uxrce/t265_px4_bridge/install/examples_rclcpp_minimal_service:/px4_uxrce/t265_px4_bridge/install/examples_rclcpp_minimal_publisher:/px4_uxrce/t265_px4_bridge/install/examples_rclcpp_minimal_composition:/px4_uxrce/t265_px4_bridge/install/examples_rclcpp_minimal_client:/px4_uxrce/t265_px4_bridge/install/examples_rclcpp_minimal_action_server:/px4_uxrce/t265_px4_bridge/install/examples_rclcpp_minimal_action_client:/px4_uxrce/t265_px4_bridge/install/examples_rclcpp_cbg_executor:/px4_uxrce/t265_px4_bridge/install/examples_rclcpp_async_client:/px4_uxrce/t265_px4_bridge/install/cpp_pubsub:/px4_uxrce/t265_px4_bridge/install/bridge_px4 /usr/bin/cmake --build /px4_uxrce/t265_px4_bridge/build/cpp_pubsub -- -j12 -l12
[0.052s] [35m[1mConsolidate compiler generated dependencies of target talker[0m
[0.070s] [ 50%] Built target listener
[0.074s] [ 75%] [32mBuilding CXX object CMakeFiles/talker.dir/src/publisher_member_function.cpp.o[0m
[2.704s] [01m[K/px4_uxrce/t265_px4_bridge/src/cpp_pubsub/src/publisher_member_function.cpp:[m[K In member function â€˜[01m[Kvoid OdomBridge::odomCallback(nav_msgs::msg::Odometry_<std::allocator<void> >::SharedPtr)[m[Kâ€™:
[2.704s] [01m[K/px4_uxrce/t265_px4_bridge/src/cpp_pubsub/src/publisher_member_function.cpp:33:14:[m[K [01;31m[Kerror: [m[Kâ€˜[01m[Kusing VehicleOdometry = struct px4_msgs::msg::VehicleOdometry_<std::allocator<void> >[m[Kâ€™ {aka â€˜[01m[Kstruct px4_msgs::msg::VehicleOdometry_<std::allocator<void> >[m[Kâ€™} has no member named â€˜[01m[Kx[m[Kâ€™
[2.704s]    33 |     px4_odom.[01;31m[Kx[m[K = msg->pose.pose.position.y;   // ENU Y to NED X
[2.705s]       |              [01;31m[K^[m[K
[2.705s] [01m[K/px4_uxrce/t265_px4_bridge/src/cpp_pubsub/src/publisher_member_function.cpp:34:14:[m[K [01;31m[Kerror: [m[Kâ€˜[01m[Kusing VehicleOdometry = struct px4_msgs::msg::VehicleOdometry_<std::allocator<void> >[m[Kâ€™ {aka â€˜[01m[Kstruct px4_msgs::msg::VehicleOdometry_<std::allocator<void> >[m[Kâ€™} has no member named â€˜[01m[Ky[m[Kâ€™
[2.705s]    34 |     px4_odom.[01;31m[Ky[m[K = msg->pose.pose.position.x;   // ENU X to NED Y
[2.705s]       |              [01;31m[K^[m[K
[2.705s] [01m[K/px4_uxrce/t265_px4_bridge/src/cpp_pubsub/src/publisher_member_function.cpp:35:14:[m[K [01;31m[Kerror: [m[Kâ€˜[01m[Kusing VehicleOdometry = struct px4_msgs::msg::VehicleOdometry_<std::allocator<void> >[m[Kâ€™ {aka â€˜[01m[Kstruct px4_msgs::msg::VehicleOdometry_<std::allocator<void> >[m[Kâ€™} has no member named â€˜[01m[Kz[m[Kâ€™
[2.705s]    35 |     px4_odom.[01;31m[Kz[m[K = -msg->pose.pose.position.z;  // ENU Z to NED Z Down
[2.705s]       |              [01;31m[K^[m[K
[2.705s] [01m[K/px4_uxrce/t265_px4_bridge/src/cpp_pubsub/src/publisher_member_function.cpp:65:14:[m[K [01;31m[Kerror: [m[Kâ€˜[01m[Kusing VehicleOdometry = struct px4_msgs::msg::VehicleOdometry_<std::allocator<void> >[m[Kâ€™ {aka â€˜[01m[Kstruct px4_msgs::msg::VehicleOdometry_<std::allocator<void> >[m[Kâ€™} has no member named â€˜[01m[Kvx[m[Kâ€™
[2.706s]    65 |     px4_odom.[01;31m[Kvx[m[K = msg->twist.twist.linear.y;
[2.706s]       |              [01;31m[K^~[m[K
[2.706s] [01m[K/px4_uxrce/t265_px4_bridge/src/cpp_pubsub/src/publisher_member_function.cpp:66:14:[m[K [01;31m[Kerror: [m[Kâ€˜[01m[Kusing VehicleOdometry = struct px4_msgs::msg::VehicleOdometry_<std::allocator<void> >[m[Kâ€™ {aka â€˜[01m[Kstruct px4_msgs::msg::VehicleOdometry_<std::allocator<void> >[m[Kâ€™} has no member named â€˜[01m[Kvy[m[Kâ€™
[2.706s]    66 |     px4_odom.[01;31m[Kvy[m[K = msg->twist.twist.linear.x;
[2.706s]       |              [01;31m[K^~[m[K
[2.706s] [01m[K/px4_uxrce/t265_px4_bridge/src/cpp_pubsub/src/publisher_member_function.cpp:67:14:[m[K [01;31m[Kerror: [m[Kâ€˜[01m[Kusing VehicleOdometry = struct px4_msgs::msg::VehicleOdometry_<std::allocator<void> >[m[Kâ€™ {aka â€˜[01m[Kstruct px4_msgs::msg::VehicleOdometry_<std::allocator<void> >[m[Kâ€™} has no member named â€˜[01m[Kvz[m[Kâ€™
[2.706s]    67 |     px4_odom.[01;31m[Kvz[m[K = -msg->twist.twist.linear.z;
[2.706s]       |              [01;31m[K^~[m[K
[5.318s] gmake[2]: *** [CMakeFiles/talker.dir/build.make:76: CMakeFiles/talker.dir/src/publisher_member_function.cpp.o] Error 1
[5.318s] gmake[1]: *** [CMakeFiles/Makefile2:139: CMakeFiles/talker.dir/all] Error 2
[5.318s] gmake: *** [Makefile:146: all] Error 2
[5.320s] Invoked command in '/px4_uxrce/t265_px4_bridge/build/cpp_pubsub' returned '2': CMAKE_PREFIX_PATH=/px4_uxrce/t265_px4_bridge/install/px4_ros_com:/px4_uxrce/t265_px4_bridge/install/px4_msgs:/px4_uxrce/t265_px4_bridge/install/launch_testing_examples:/px4_uxrce/t265_px4_bridge/install/examples_rclpy_pointcloud_publisher:/px4_uxrce/t265_px4_bridge/install/examples_rclpy_minimal_subscriber:/px4_uxrce/t265_px4_bridge/install/examples_rclpy_minimal_service:/px4_uxrce/t265_px4_bridge/install/examples_rclpy_minimal_publisher:/px4_uxrce/t265_px4_bridge/install/examples_rclpy_minimal_client:/px4_uxrce/t265_px4_bridge/install/examples_rclpy_minimal_action_server:/px4_uxrce/t265_px4_bridge/install/examples_rclpy_minimal_action_client:/px4_uxrce/t265_px4_bridge/install/examples_rclpy_guard_conditions:/px4_uxrce/t265_px4_bridge/install/examples_rclpy_executors:/opt/ros/humble:/px4_uxrce/t265_px4_bridge/install/t265_to_px4_bridge:/px4_uxrce/t265_px4_bridge/install/examples_rclcpp_wait_set:/px4_uxrce/t265_px4_bridge/install/examples_rclcpp_multithreaded_executor:/px4_uxrce/t265_px4_bridge/install/examples_rclcpp_minimal_timer:/px4_uxrce/t265_px4_bridge/install/examples_rclcpp_minimal_subscriber:/px4_uxrce/t265_px4_bridge/install/examples_rclcpp_minimal_service:/px4_uxrce/t265_px4_bridge/install/examples_rclcpp_minimal_publisher:/px4_uxrce/t265_px4_bridge/install/examples_rclcpp_minimal_composition:/px4_uxrce/t265_px4_bridge/install/examples_rclcpp_minimal_client:/px4_uxrce/t265_px4_bridge/install/examples_rclcpp_minimal_action_server:/px4_uxrce/t265_px4_bridge/install/examples_rclcpp_minimal_action_client:/px4_uxrce/t265_px4_bridge/install/examples_rclcpp_cbg_executor:/px4_uxrce/t265_px4_bridge/install/examples_rclcpp_async_client:/px4_uxrce/t265_px4_bridge/install/cpp_pubsub:/px4_uxrce/t265_px4_bridge/install/bridge_px4 /usr/bin/cmake --build /px4_uxrce/t265_px4_bridge/build/cpp_pubsub -- -j12 -l12
